<?xml version="1.0" encoding="UTF-8"?>
<!-- Generated by org.testng.reporters.JUnitXMLReporter -->
<testsuite ignored="3" hostname="YI1011888LT" failures="0" tests="3" name="Default test(failed)" time="1.032" errors="0" timestamp="2021-07-14T14:33:40 IST">
  <testcase classname="com.suite.base.Base" name="@BeforeMethod setup" time="-1.626253420305E9">
    <failure type="org.testng.TestNGException" message="
Parameter &amp;apos;browser&amp;apos; is required by BeforeMethod on method setup but has not been marked @Optional or defined
in C:\Users\Amrita.bhawsar\git\CNHI.DeveloperPortal.QA\test-output\Default suite\testng-failed.xml">
      <![CDATA[org.testng.TestNGException: 
Parameter 'browser' is required by BeforeMethod on method setup but has not been marked @Optional or defined
in C:\Users\Amrita.bhawsar\git\CNHI.DeveloperPortal.QA\test-output\Default suite\testng-failed.xml
at java.base/java.util.ArrayList.forEach(ArrayList.java:1541)
... Removed 28 stack frames]]>
    </failure>
  </testcase> <!-- @BeforeMethod setup -->
  <testcase classname="com.suite.base.Base" name="@AfterMethod closer" time="-1.626253420318E9">
    <skipped/>
  </testcase> <!-- @AfterMethod closer -->
  <testcase classname="com.suite.base.Base" name="@BeforeMethod setup" time="-1.626253420322E9">
    <skipped/>
  </testcase> <!-- @BeforeMethod setup -->
  <testcase classname="com.suite.base.Base" name="@AfterMethod closer" time="-1.626253420326E9">
    <skipped/>
  </testcase> <!-- @AfterMethod closer -->
  <testcase classname="com.suite.base.Base" name="@BeforeMethod setup" time="-1.626253420327E9">
    <skipped/>
  </testcase> <!-- @BeforeMethod setup -->
  <testcase classname="com.suite.base.Base" name="@AfterMethod closer" time="-1.626253420333E9">
    <skipped/>
  </testcase> <!-- @AfterMethod closer -->
  <testcase classname="com.suite.test.EditUserProfileTest" name="downloadProfile" time="0.0">
    <skipped/>
  </testcase> <!-- downloadProfile -->
  <testcase classname="com.suite.test.EditUserProfileTest" name="downloadProfile" time="0.0">
    <skipped/>
  </testcase> <!-- downloadProfile -->
  <testcase classname="com.suite.test.EditUserProfileTest" name="downloadProfile" time="0.0">
    <skipped/>
  </testcase> <!-- downloadProfile -->
  <testcase classname="com.suite.test.EditUserProfileTest" name="editProfile" time="0.0">
    <ignored/>
  </testcase> <!-- editProfile -->
  <testcase classname="com.suite.test.EditUserProfileTest" name="logDetails" time="0.0">
    <ignored/>
  </testcase> <!-- logDetails -->
  <testcase classname="com.suite.test.EditUserProfileTest" name="verifyCancelFunctionality" time="0.0">
    <ignored/>
  </testcase> <!-- verifyCancelFunctionality -->
</testsuite> <!-- Default test(failed) -->
