<?xml version="1.0" encoding="UTF-8"?>
<!-- Generated by org.testng.reporters.JUnitXMLReporter -->
<testsuite ignored="3" hostname="YI1011888LT" failures="0" tests="3" name="Default test" time="0.563" errors="0" timestamp="2021-07-27T15:41:27 IST">
  <testcase classname="com.suite.base.Base" name="@BeforeMethod setup" time="-1.627380687752E9">
    <failure type="org.testng.TestNGException" message="
Parameter &amp;apos;browser&amp;apos; is required by BeforeMethod on method setup but has not been marked @Optional or defined
in C:\Users\Amrita.bhawsar\AppData\Local\Temp\testng-eclipse--239473509\testng-customsuite.xml">
      <![CDATA[org.testng.TestNGException: 
Parameter 'browser' is required by BeforeMethod on method setup but has not been marked @Optional or defined
in C:\Users\Amrita.bhawsar\AppData\Local\Temp\testng-eclipse--239473509\testng-customsuite.xml
at org.testng.internal.Parameters.createParams(Parameters.java:268)
at org.testng.internal.Parameters.createParametersForMethod(Parameters.java:356)
at org.testng.internal.Parameters.createParameters(Parameters.java:700)
at org.testng.internal.Parameters.createConfigurationParameters(Parameters.java:166)
at org.testng.internal.ConfigInvoker.invokeConfigurations(ConfigInvoker.java:301)
at org.testng.internal.TestInvoker.runConfigMethods(TestInvoker.java:701)
at org.testng.internal.TestInvoker.invokeMethod(TestInvoker.java:527)
at org.testng.internal.TestInvoker.invokeTestMethod(TestInvoker.java:174)
at org.testng.internal.MethodRunner.runInSequence(MethodRunner.java:46)
at org.testng.internal.TestInvoker$MethodInvocationAgent.invoke(TestInvoker.java:822)
at org.testng.internal.TestInvoker.invokeTestMethods(TestInvoker.java:147)
at org.testng.internal.TestMethodWorker.invokeTestMethods(TestMethodWorker.java:146)
at org.testng.internal.TestMethodWorker.run(TestMethodWorker.java:128)
at java.base/java.util.ArrayList.forEach(ArrayList.java:1541)
at org.testng.TestRunner.privateRun(TestRunner.java:764)
at org.testng.TestRunner.run(TestRunner.java:585)
at org.testng.SuiteRunner.runTest(SuiteRunner.java:384)
at org.testng.SuiteRunner.runSequentially(SuiteRunner.java:378)
at org.testng.SuiteRunner.privateRun(SuiteRunner.java:337)
at org.testng.SuiteRunner.run(SuiteRunner.java:286)
at org.testng.SuiteRunnerWorker.runSuite(SuiteRunnerWorker.java:53)
at org.testng.SuiteRunnerWorker.run(SuiteRunnerWorker.java:96)
at org.testng.TestNG.runSuitesSequentially(TestNG.java:1218)
at org.testng.TestNG.runSuitesLocally(TestNG.java:1140)
at org.testng.TestNG.runSuites(TestNG.java:1069)
at org.testng.TestNG.run(TestNG.java:1037)
at org.testng.remote.AbstractRemoteTestNG.run(AbstractRemoteTestNG.java:115)
at org.testng.remote.RemoteTestNG.initAndRun(RemoteTestNG.java:251)
at org.testng.remote.RemoteTestNG.main(RemoteTestNG.java:77)
]]>
    </failure>
  </testcase> <!-- @BeforeMethod setup -->
  <testcase classname="com.suite.base.Base" name="@AfterMethod closer" time="-1.627380687767E9">
    <skipped/>
  </testcase> <!-- @AfterMethod closer -->
  <testcase classname="com.suite.base.Base" name="@BeforeMethod setup" time="-1.627380687767E9">
    <skipped/>
  </testcase> <!-- @BeforeMethod setup -->
  <testcase classname="com.suite.base.Base" name="@AfterMethod closer" time="-1.627380687767E9">
    <skipped/>
  </testcase> <!-- @AfterMethod closer -->
  <testcase classname="com.suite.base.Base" name="@BeforeMethod setup" time="-1.627380687767E9">
    <skipped/>
  </testcase> <!-- @BeforeMethod setup -->
  <testcase classname="com.suite.base.Base" name="@AfterMethod closer" time="-1.627380687783E9">
    <skipped/>
  </testcase> <!-- @AfterMethod closer -->
  <testcase classname="com.suite.test.EditUserProfileTest" name="downloadProfile" time="0.0">
    <skipped/>
  </testcase> <!-- downloadProfile -->
  <testcase classname="com.suite.test.EditUserProfileTest" name="downloadProfile" time="0.0">
    <skipped/>
  </testcase> <!-- downloadProfile -->
  <testcase classname="com.suite.test.EditUserProfileTest" name="downloadProfile" time="0.0">
    <skipped/>
  </testcase> <!-- downloadProfile -->
  <testcase classname="com.suite.test.EditUserProfileTest" name="editProfile" time="0.0">
    <ignored/>
  </testcase> <!-- editProfile -->
  <testcase classname="com.suite.test.EditUserProfileTest" name="logDetails" time="0.0">
    <ignored/>
  </testcase> <!-- logDetails -->
  <testcase classname="com.suite.test.EditUserProfileTest" name="verifyCancelFunctionality" time="0.0">
    <ignored/>
  </testcase> <!-- verifyCancelFunctionality -->
</testsuite> <!-- Default test -->
