<?xml version="1.0" encoding="UTF-8"?>
<!-- Generated by org.testng.reporters.JUnitReportReporter -->
<testsuite hostname="YI1011888LT" failures="1" tests="12" name="com.suite.test.EditUserProfileTest" time="444.726" errors="0" timestamp="2021-08-19T16:44:40 IST" skipped="0">
  <testcase classname="com.suite.test.EditUserProfileTest" name="editProfile" time="35.504"/>
  <system-out/>
  <testcase classname="com.suite.test.EditUserProfileTest" name="editProfile" time="35.145"/>
  <system-out/>
  <testcase classname="com.suite.test.EditUserProfileTest" name="editProfile" time="32.203"/>
  <system-out/>
  <testcase classname="com.suite.test.EditUserProfileTest" name="verifyCancelFunctionality" time="29.278"/>
  <system-out/>
  <testcase classname="com.suite.test.EditUserProfileTest" name="verifyCancelFunctionality" time="27.776"/>
  <system-out/>
  <testcase classname="com.suite.test.EditUserProfileTest" name="verifyCancelFunctionality" time="33.514"/>
  <system-out/>
  <testcase classname="com.suite.test.EditUserProfileTest" name="downloadProfile" time="33.607">
    <failure message="expected [true] but found [false]" type="java.lang.AssertionError">
      <![CDATA[java.lang.AssertionError: expected [true] but found [false]
at org.testng.Assert.fail(Assert.java:99)
at org.testng.Assert.failNotEquals(Assert.java:1037)
at org.testng.Assert.assertTrue(Assert.java:45)
at org.testng.Assert.assertTrue(Assert.java:55)
at com.suite.test.EditUserProfileTest.downloadProfile(EditUserProfileTest.java:101)
at java.base/jdk.internal.reflect.NativeMethodAccessorImpl.invoke0(Native Method)
at java.base/jdk.internal.reflect.NativeMethodAccessorImpl.invoke(NativeMethodAccessorImpl.java:62)
at java.base/jdk.internal.reflect.DelegatingMethodAccessorImpl.invoke(DelegatingMethodAccessorImpl.java:43)
at java.base/java.lang.reflect.Method.invoke(Method.java:566)
at org.testng.internal.MethodInvocationHelper.invokeMethod(MethodInvocationHelper.java:132)
at org.testng.internal.TestInvoker.invokeMethod(TestInvoker.java:599)
at org.testng.internal.TestInvoker.invokeTestMethod(TestInvoker.java:174)
at org.testng.internal.MethodRunner.runInSequence(MethodRunner.java:46)
at org.testng.internal.TestInvoker$MethodInvocationAgent.invoke(TestInvoker.java:822)
at org.testng.internal.TestInvoker.invokeTestMethods(TestInvoker.java:147)
at org.testng.internal.TestMethodWorker.invokeTestMethods(TestMethodWorker.java:146)
at org.testng.internal.TestMethodWorker.run(TestMethodWorker.java:128)
at java.base/java.util.ArrayList.forEach(ArrayList.java:1541)
at org.testng.TestRunner.privateRun(TestRunner.java:764)
at org.testng.TestRunner.run(TestRunner.java:585)
at org.testng.SuiteRunner.runTest(SuiteRunner.java:384)
at org.testng.SuiteRunner.runSequentially(SuiteRunner.java:378)
at org.testng.SuiteRunner.privateRun(SuiteRunner.java:337)
at org.testng.SuiteRunner.run(SuiteRunner.java:286)
at org.testng.SuiteRunnerWorker.runSuite(SuiteRunnerWorker.java:53)
at org.testng.SuiteRunnerWorker.run(SuiteRunnerWorker.java:96)
at org.testng.TestNG.runSuitesSequentially(TestNG.java:1218)
at org.testng.TestNG.runSuitesLocally(TestNG.java:1140)
at org.testng.TestNG.runSuites(TestNG.java:1069)
at org.testng.TestNG.run(TestNG.java:1037)
at org.testng.remote.AbstractRemoteTestNG.run(AbstractRemoteTestNG.java:115)
at org.testng.remote.RemoteTestNG.initAndRun(RemoteTestNG.java:251)
at org.testng.remote.RemoteTestNG.main(RemoteTestNG.java:77)
]]>
    </failure>
  </testcase> <!-- downloadProfile -->
  <system-out/>
  <testcase classname="com.suite.test.EditUserProfileTest" name="downloadProfile" time="63.107"/>
  <system-out/>
  <testcase classname="com.suite.test.EditUserProfileTest" name="downloadProfile" time="35.938"/>
  <system-out/>
  <testcase classname="com.suite.test.EditUserProfileTest" name="logDetails" time="30.889"/>
  <system-out/>
  <testcase classname="com.suite.test.EditUserProfileTest" name="logDetails" time="56.648"/>
  <system-out/>
  <testcase classname="com.suite.test.EditUserProfileTest" name="logDetails" time="31.117"/>
  <system-out/>
</testsuite> <!-- com.suite.test.EditUserProfileTest -->
